{
  "RSpec": {
    "coverage": {
      "/home/ubuntu/environment/GymApp/app/models/user.rb": {
        "lines": [
          1,
          1,
          null,
          null,
          1,
          null,
          null,
          1,
          null,
          1,
          7,
          null,
          null,
          1,
          40,
          null,
          null,
          null
        ]
      },
      "/home/ubuntu/environment/GymApp/app/models/application_record.rb": {
        "lines": [
          1,
          1,
          null
        ]
      },
      "/home/ubuntu/environment/GymApp/app/helpers/application_helper.rb": {
        "lines": [
          1,
          null
        ]
      },
      "/home/ubuntu/environment/GymApp/app/helpers/tickets_helper.rb": {
        "lines": [
          1,
          null
        ]
      },
      "/home/ubuntu/environment/GymApp/app/controllers/gyms_controller.rb": {
        "lines": [
          1,
          null,
          1,
          null,
          null,
          1,
          6,
          null,
          null,
          1,
          0,
          0,
          0,
          0,
          null,
          0,
          0,
          0,
          0,
          null,
          0,
          0,
          0,
          0,
          null,
          0,
          null,
          0,
          0,
          null,
          0,
          null,
          0,
          null,
          null,
          null,
          null
        ]
      },
      "/home/ubuntu/environment/GymApp/app/controllers/application_controller.rb": {
        "lines": [
          1,
          1,
          null,
          1,
          40,
          null,
          null
        ]
      },
      "/home/ubuntu/environment/GymApp/app/controllers/tickets_controller.rb": {
        "lines": [
          1,
          1,
          null,
          1,
          11,
          11,
          null,
          null,
          1,
          9,
          null,
          null,
          1,
          6,
          6,
          6,
          6,
          2,
          2,
          1,
          null,
          4,
          4,
          4,
          null,
          null,
          null,
          1,
          0,
          0,
          0,
          0,
          0,
          0,
          null,
          null,
          null,
          1,
          null,
          1,
          6,
          null,
          null,
          1,
          2,
          null,
          null,
          1,
          0,
          null,
          null,
          1,
          0,
          null,
          null,
          1,
          0,
          null,
          null,
          null
        ]
      },
      "/home/ubuntu/environment/GymApp/app/models/gym.rb": {
        "lines": [
          1,
          1,
          1,
          null,
          1,
          27,
          0,
          null,
          null,
          null,
          1,
          1,
          null,
          1,
          null,
          null,
          1,
          1,
          1,
          null,
          null,
          1,
          1,
          null,
          1,
          null,
          null,
          1,
          1,
          1,
          null,
          null,
          1,
          2,
          2,
          null,
          null,
          1,
          1,
          1,
          null,
          null,
          1,
          1,
          1,
          null,
          null,
          1,
          1,
          1,
          null,
          null
        ]
      },
      "/home/ubuntu/environment/GymApp/app/models/ticket.rb": {
        "lines": [
          1,
          1,
          null,
          1,
          null,
          1,
          7,
          null,
          null,
          1,
          0,
          null,
          null,
          1,
          null
        ]
      }
    },
    "timestamp": 1607472835
  }
}
