{
  "RSpec": {
    "coverage": {
      "/home/ubuntu/environment/GymApp/app/models/user.rb": {
        "lines": [
          1,
          1,
          null,
          null,
          1,
          null,
          null,
          1,
          null,
          1,
          56,
          null,
          null,
          1,
          82,
          null,
          null,
          null
        ]
      },
      "/home/ubuntu/environment/GymApp/app/models/application_record.rb": {
        "lines": [
          1,
          1,
          null
        ]
      },
      "/home/ubuntu/environment/GymApp/app/helpers/application_helper.rb": {
        "lines": [
          1,
          null
        ]
      },
      "/home/ubuntu/environment/GymApp/app/helpers/charts_helper.rb": {
        "lines": [
          1,
          null
        ]
      },
      "/home/ubuntu/environment/GymApp/app/helpers/tickets_helper.rb": {
        "lines": [
          1,
          null
        ]
      },
      "/home/ubuntu/environment/GymApp/app/helpers/trudy_trends_helper.rb": {
        "lines": [
          1,
          null,
          null,
          null,
          null,
          null,
          null,
          null,
          null,
          null,
          null,
          null,
          null,
          null,
          null,
          null,
          null,
          null,
          null,
          null,
          null,
          null,
          null,
          null,
          null,
          null,
          null,
          null,
          null,
          null,
          null,
          null,
          null,
          null,
          null,
          null
        ]
      },
      "/home/ubuntu/environment/GymApp/app/controllers/gyms_controller.rb": {
        "lines": [
          1,
          null,
          1,
          null,
          null,
          1,
          15,
          null,
          null,
          1,
          8,
          8,
          2,
          1,
          null,
          1,
          null,
          6,
          2,
          1,
          null,
          1,
          null,
          4,
          2,
          1,
          null,
          1,
          null,
          null,
          2,
          1,
          null,
          1,
          null,
          null,
          8,
          null,
          null,
          null,
          null
        ]
      },
      "/home/ubuntu/environment/GymApp/app/controllers/application_controller.rb": {
        "lines": [
          1,
          1,
          null,
          1,
          82,
          null,
          null
        ]
      },
      "/home/ubuntu/environment/GymApp/app/controllers/tickets_controller.rb": {
        "lines": [
          1,
          1,
          null,
          1,
          27,
          27,
          27,
          null,
          null,
          1,
          9,
          9,
          null,
          null,
          1,
          6,
          6,
          6,
          6,
          2,
          2,
          2,
          2,
          null,
          4,
          4,
          4,
          null,
          null,
          null,
          null,
          1,
          6,
          6,
          6,
          6,
          6,
          6,
          6,
          null,
          null,
          1,
          null,
          1,
          6,
          null,
          null,
          1,
          2,
          null,
          null,
          1,
          6,
          null,
          null,
          1,
          6,
          null,
          null,
          1,
          0,
          null,
          null,
          null
        ]
      },
      "/home/ubuntu/environment/GymApp/app/controllers/trudy_trends_controller.rb": {
        "lines": [
          null,
          1,
          null,
          null,
          null,
          null,
          null,
          null,
          null,
          null,
          null,
          null,
          null,
          null,
          null,
          null,
          null,
          null,
          null,
          null,
          null,
          null,
          null,
          null,
          null,
          null,
          null,
          null,
          null,
          null,
          null,
          null,
          null
        ]
      },
      "/home/ubuntu/environment/GymApp/app/models/gym.rb": {
        "lines": [
          1,
          1,
          1,
          null,
          1,
          36,
          0,
          null,
          null,
          null,
          1,
          23,
          null,
          23,
          17,
          null,
          6,
          6,
          2,
          null,
          4,
          null,
          null,
          null,
          null,
          1,
          5,
          5,
          null,
          null,
          1,
          2,
          2,
          null,
          null,
          1,
          5,
          5,
          null,
          null,
          1,
          2,
          2,
          null,
          null,
          1,
          3,
          3,
          null,
          null,
          1,
          4,
          4,
          null,
          null,
          1,
          3,
          3,
          null,
          null,
          1,
          4,
          4,
          null,
          null
        ]
      },
      "/home/ubuntu/environment/GymApp/app/models/ticket.rb": {
        "lines": [
          1,
          1,
          1,
          null,
          1,
          null,
          1,
          1,
          null,
          1,
          1,
          null,
          1,
          12,
          10,
          null,
          2,
          2,
          null,
          null,
          null,
          1,
          7,
          1,
          null,
          6,
          6,
          null,
          null,
          null,
          null,
          null
        ]
      }
    },
    "timestamp": 1607707300
  }
}
